C:\USERS\ZRMA\DOCUMENTS\SVN\OLDBOY\TRUNK\OLDBOY\OLDBOY\DEBUG\RHYTHMMATCH.PCH
C:\USERS\ZRMA\DOCUMENTS\SVN\OLDBOY\TRUNK\OLDBOY\OLDBOY\DEBUG\RMINCLUDE.OBJ
C:\USERS\ZRMA\DOCUMENTS\SVN\OLDBOY\TRUNK\OLDBOY\OLDBOY\DEBUG\VC110.PDB
C:\USERS\ZRMA\DOCUMENTS\SVN\OLDBOY\TRUNK\OLDBOY\OLDBOY\DEBUG\MAIN.OBJ
C:\USERS\ZRMA\DOCUMENTS\SVN\NEWBOY\TRUNK\OLDBOY\OLDBOY\DEBUG\RHYTHMMATCH.PCH
C:\USERS\ZRMA\DOCUMENTS\SVN\NEWBOY\TRUNK\OLDBOY\OLDBOY\DEBUG\RMINCLUDE.OBJ
C:\USERS\ZRMA\DOCUMENTS\SVN\NEWBOY\TRUNK\OLDBOY\OLDBOY\DEBUG\VC110.PDB
C:\USERS\ZRMA\DOCUMENTS\SVN\NEWBOY\TRUNK\OLDBOY\OLDBOY\DEBUG\MAIN.OBJ
C:\USERS\ZRMA\DOCUMENTS\SVN\NEWBOY\TRUNK\OLDBOY\OLDBOY\DEBUG\RMSINGLETONLOOP.OBJ
C:\USERS\ZRMA\DOCUMENTS\SVN\OLDBOY\TRUNK\OLDBOY\DEBUG\RHYTHMMATCH.ILK
C:\USERS\ZRMA\DOCUMENTS\SVN\OLDBOY\TRUNK\OLDBOY\DEBUG\RHYTHMMATCH.EXE
C:\USERS\ZRMA\DOCUMENTS\SVN\OLDBOY\TRUNK\OLDBOY\DEBUG\RHYTHMMATCH.PDB
C:\USERS\ZRMA\DOCUMENTS\SVN\NEWBOY\TRUNK\OLDBOY\DEBUG\RHYTHMMATCH.ILK
C:\USERS\ZRMA\DOCUMENTS\SVN\NEWBOY\TRUNK\OLDBOY\DEBUG\RHYTHMMATCH.EXE
C:\USERS\ZRMA\DOCUMENTS\SVN\NEWBOY\TRUNK\OLDBOY\DEBUG\RHYTHMMATCH.PDB
C:\USERS\ZRMA\DOCUMENTS\SVN\OLDBOY\TRUNK\OLDBOY\OLDBOY\DEBUG\OLDBOY.RES
C:\USERS\ZRMA\DOCUMENTS\SVN\NEWBOY\TRUNK\OLDBOY\OLDBOY\DEBUG\OLDBOY.RES
C:\Users\zrma\Documents\SVN\NEWBOY\trunk\OldBoy\oldboy\Debug\Main.obj
C:\Users\zrma\Documents\SVN\NEWBOY\trunk\OldBoy\oldboy\Debug\RMInclude.obj
C:\Users\zrma\Documents\SVN\NEWBOY\trunk\OldBoy\oldboy\Debug\RMSingletonLoop.obj
C:\Users\zrma\Documents\SVN\NEWBOY\trunk\OldBoy\oldboy\Debug\cl.command.1.tlog
C:\Users\zrma\Documents\SVN\NEWBOY\trunk\OldBoy\oldboy\Debug\CL.read.1.tlog
C:\Users\zrma\Documents\SVN\NEWBOY\trunk\OldBoy\oldboy\Debug\CL.write.1.tlog
C:\Users\zrma\Documents\SVN\NEWBOY\trunk\OldBoy\oldboy\Debug\link-cvtres.read.1.tlog
C:\Users\zrma\Documents\SVN\NEWBOY\trunk\OldBoy\oldboy\Debug\link-cvtres.write.1.tlog
C:\Users\zrma\Documents\SVN\NEWBOY\trunk\OldBoy\oldboy\Debug\link-rc.read.1.tlog
C:\Users\zrma\Documents\SVN\NEWBOY\trunk\OldBoy\oldboy\Debug\link-rc.write.1.tlog
C:\Users\zrma\Documents\SVN\NEWBOY\trunk\OldBoy\oldboy\Debug\link.2832-cvtres.read.1.tlog
C:\Users\zrma\Documents\SVN\NEWBOY\trunk\OldBoy\oldboy\Debug\link.2832-cvtres.write.1.tlog
C:\Users\zrma\Documents\SVN\NEWBOY\trunk\OldBoy\oldboy\Debug\link.2832-rc.read.1.tlog
C:\Users\zrma\Documents\SVN\NEWBOY\trunk\OldBoy\oldboy\Debug\link.2832-rc.write.1.tlog
C:\Users\zrma\Documents\SVN\NEWBOY\trunk\OldBoy\oldboy\Debug\link.2832.read.1.tlog
C:\Users\zrma\Documents\SVN\NEWBOY\trunk\OldBoy\oldboy\Debug\link.2832.write.1.tlog
C:\Users\zrma\Documents\SVN\NEWBOY\trunk\OldBoy\oldboy\Debug\link.3448-cvtres.read.1.tlog
C:\Users\zrma\Documents\SVN\NEWBOY\trunk\OldBoy\oldboy\Debug\link.3448-cvtres.write.1.tlog
C:\Users\zrma\Documents\SVN\NEWBOY\trunk\OldBoy\oldboy\Debug\link.3448-rc.read.1.tlog
C:\Users\zrma\Documents\SVN\NEWBOY\trunk\OldBoy\oldboy\Debug\link.3448-rc.write.1.tlog
C:\Users\zrma\Documents\SVN\NEWBOY\trunk\OldBoy\oldboy\Debug\link.3448.read.1.tlog
C:\Users\zrma\Documents\SVN\NEWBOY\trunk\OldBoy\oldboy\Debug\link.3448.write.1.tlog
C:\Users\zrma\Documents\SVN\NEWBOY\trunk\OldBoy\oldboy\Debug\link.3756-cvtres.read.1.tlog
C:\Users\zrma\Documents\SVN\NEWBOY\trunk\OldBoy\oldboy\Debug\link.3756-cvtres.write.1.tlog
C:\Users\zrma\Documents\SVN\NEWBOY\trunk\OldBoy\oldboy\Debug\link.3756-rc.read.1.tlog
C:\Users\zrma\Documents\SVN\NEWBOY\trunk\OldBoy\oldboy\Debug\link.3756-rc.write.1.tlog
C:\Users\zrma\Documents\SVN\NEWBOY\trunk\OldBoy\oldboy\Debug\link.3756.read.1.tlog
C:\Users\zrma\Documents\SVN\NEWBOY\trunk\OldBoy\oldboy\Debug\link.3756.write.1.tlog
C:\Users\zrma\Documents\SVN\NEWBOY\trunk\OldBoy\oldboy\Debug\link.3928-cvtres.read.1.tlog
C:\Users\zrma\Documents\SVN\NEWBOY\trunk\OldBoy\oldboy\Debug\link.3928-cvtres.write.1.tlog
C:\Users\zrma\Documents\SVN\NEWBOY\trunk\OldBoy\oldboy\Debug\link.3928-rc.read.1.tlog
C:\Users\zrma\Documents\SVN\NEWBOY\trunk\OldBoy\oldboy\Debug\link.3928-rc.write.1.tlog
C:\Users\zrma\Documents\SVN\NEWBOY\trunk\OldBoy\oldboy\Debug\link.3928.read.1.tlog
C:\Users\zrma\Documents\SVN\NEWBOY\trunk\OldBoy\oldboy\Debug\link.3928.write.1.tlog
C:\Users\zrma\Documents\SVN\NEWBOY\trunk\OldBoy\oldboy\Debug\link.4124-cvtres.read.1.tlog
C:\Users\zrma\Documents\SVN\NEWBOY\trunk\OldBoy\oldboy\Debug\link.4124-cvtres.write.1.tlog
C:\Users\zrma\Documents\SVN\NEWBOY\trunk\OldBoy\oldboy\Debug\link.4124-rc.read.1.tlog
C:\Users\zrma\Documents\SVN\NEWBOY\trunk\OldBoy\oldboy\Debug\link.4124-rc.write.1.tlog
C:\Users\zrma\Documents\SVN\NEWBOY\trunk\OldBoy\oldboy\Debug\link.4124.read.1.tlog
C:\Users\zrma\Documents\SVN\NEWBOY\trunk\OldBoy\oldboy\Debug\link.4124.write.1.tlog
C:\Users\zrma\Documents\SVN\NEWBOY\trunk\OldBoy\oldboy\Debug\link.4140-cvtres.read.1.tlog
C:\Users\zrma\Documents\SVN\NEWBOY\trunk\OldBoy\oldboy\Debug\link.4140-cvtres.write.1.tlog
C:\Users\zrma\Documents\SVN\NEWBOY\trunk\OldBoy\oldboy\Debug\link.4140-rc.read.1.tlog
C:\Users\zrma\Documents\SVN\NEWBOY\trunk\OldBoy\oldboy\Debug\link.4140-rc.write.1.tlog
C:\Users\zrma\Documents\SVN\NEWBOY\trunk\OldBoy\oldboy\Debug\link.4140.read.1.tlog
C:\Users\zrma\Documents\SVN\NEWBOY\trunk\OldBoy\oldboy\Debug\link.4140.write.1.tlog
C:\Users\zrma\Documents\SVN\NEWBOY\trunk\OldBoy\oldboy\Debug\link.4688-cvtres.read.1.tlog
C:\Users\zrma\Documents\SVN\NEWBOY\trunk\OldBoy\oldboy\Debug\link.4688-cvtres.write.1.tlog
C:\Users\zrma\Documents\SVN\NEWBOY\trunk\OldBoy\oldboy\Debug\link.4688-rc.read.1.tlog
C:\Users\zrma\Documents\SVN\NEWBOY\trunk\OldBoy\oldboy\Debug\link.4688-rc.write.1.tlog
C:\Users\zrma\Documents\SVN\NEWBOY\trunk\OldBoy\oldboy\Debug\link.4688.read.1.tlog
C:\Users\zrma\Documents\SVN\NEWBOY\trunk\OldBoy\oldboy\Debug\link.4688.write.1.tlog
C:\Users\zrma\Documents\SVN\NEWBOY\trunk\OldBoy\oldboy\Debug\link.command.1.tlog
C:\Users\zrma\Documents\SVN\NEWBOY\trunk\OldBoy\oldboy\Debug\link.read.1.tlog
C:\Users\zrma\Documents\SVN\NEWBOY\trunk\OldBoy\oldboy\Debug\link.write.1.tlog
C:\Users\zrma\Documents\SVN\NEWBOY\trunk\OldBoy\oldboy\Debug\rc.command.1.tlog
C:\Users\zrma\Documents\SVN\NEWBOY\trunk\OldBoy\oldboy\Debug\rc.read.1.tlog
C:\Users\zrma\Documents\SVN\NEWBOY\trunk\OldBoy\oldboy\Debug\rc.write.1.tlog
C:\Users\zrma\Documents\SVN\NEWBOY\trunk\OldBoy\oldboy\Debug\oldboy.res
C:\Users\zrma\Documents\SVN\NEWBOY\trunk\OldBoy\oldboy\Debug\vc110.idb
C:\Users\zrma\Documents\SVN\NEWBOY\trunk\OldBoy\oldboy\Debug\vc110.pdb
C:\Users\zrma\Documents\SVN\NEWBOY\trunk\OldBoy\Debug\RhythmMatch.pdb
C:\Users\zrma\Documents\SVN\NEWBOY\trunk\OldBoy\Debug\RhythmMatch.exe
C:\Users\zrma\Documents\SVN\NEWBOY\trunk\OldBoy\Debug\RhythmMatch.ilk
